<?xml version="1.0" encoding="UTF-8"?>
<coverage generated="1741552281384" clover="3.2.0">
  <project timestamp="1741552281384" name="All files">
    <metrics statements="53" coveredstatements="53" conditionals="4" coveredconditionals="4" methods="30" coveredmethods="30" elements="87" coveredelements="87" complexity="0" loc="53" ncloc="53" packages="1" files="5" classes="5"/>
    <file name="Cliente.ts" path="D:\vscode\repo RESTAURANTE TESTES UNITARIOS REVISAO FINAL\restaurante6.0\src\Cliente.ts">
      <metrics statements="5" coveredstatements="5" conditionals="0" coveredconditionals="0" methods="3" coveredmethods="3"/>
      <line num="1" count="3" type="stmt"/>
      <line num="6" count="20" type="stmt"/>
      <line num="7" count="20" type="stmt"/>
      <line num="11" count="5" type="stmt"/>
      <line num="14" count="3" type="stmt"/>
    </file>
    <file name="Garcom.ts" path="D:\vscode\repo RESTAURANTE TESTES UNITARIOS REVISAO FINAL\restaurante6.0\src\Garcom.ts">
      <metrics statements="16" coveredstatements="16" conditionals="2" coveredconditionals="2" methods="7" coveredmethods="7"/>
      <line num="3" count="1" type="stmt"/>
      <line num="5" count="7" type="stmt"/>
      <line num="6" count="7" type="stmt"/>
      <line num="9" count="7" type="stmt"/>
      <line num="13" count="1" type="stmt"/>
      <line num="14" count="1" type="stmt"/>
      <line num="18" count="1" type="stmt"/>
      <line num="19" count="1" type="stmt"/>
      <line num="20" count="1" type="stmt"/>
      <line num="21" count="1" type="stmt"/>
      <line num="25" count="3" type="stmt"/>
      <line num="26" count="3" type="cond" truecount="2" falsecount="0"/>
      <line num="27" count="3" type="stmt"/>
      <line num="31" count="2" type="stmt"/>
      <line num="35" count="1" type="stmt"/>
      <line num="39" count="1" type="stmt"/>
    </file>
    <file name="Mesa.ts" path="D:\vscode\repo RESTAURANTE TESTES UNITARIOS REVISAO FINAL\restaurante6.0\src\Mesa.ts">
      <metrics statements="14" coveredstatements="14" conditionals="1" coveredconditionals="1" methods="8" coveredmethods="8"/>
      <line num="2" count="1" type="stmt"/>
      <line num="5" count="7" type="stmt"/>
      <line num="9" count="7" type="stmt"/>
      <line num="10" count="7" type="stmt"/>
      <line num="14" count="5" type="stmt"/>
      <line num="18" count="3" type="stmt"/>
      <line num="19" count="3" type="stmt"/>
      <line num="23" count="2" type="cond" truecount="1" falsecount="0"/>
      <line num="24" count="1" type="stmt"/>
      <line num="26" count="1" type="stmt"/>
      <line num="30" count="2" type="stmt"/>
      <line num="33" count="6" type="stmt"/>
      <line num="37" count="2" type="stmt"/>
      <line num="41" count="3" type="stmt"/>
    </file>
    <file name="Pedido.ts" path="D:\vscode\repo RESTAURANTE TESTES UNITARIOS REVISAO FINAL\restaurante6.0\src\Pedido.ts">
      <metrics statements="7" coveredstatements="7" conditionals="0" coveredconditionals="0" methods="6" coveredmethods="6"/>
      <line num="3" count="2" type="stmt"/>
      <line num="8" count="7" type="stmt"/>
      <line num="9" count="7" type="stmt"/>
      <line num="13" count="5" type="stmt"/>
      <line num="17" count="3" type="stmt"/>
      <line num="21" count="2" type="stmt"/>
      <line num="25" count="4" type="stmt"/>
    </file>
    <file name="Prato.ts" path="D:\vscode\repo RESTAURANTE TESTES UNITARIOS REVISAO FINAL\restaurante6.0\src\Prato.ts">
      <metrics statements="11" coveredstatements="11" conditionals="1" coveredconditionals="1" methods="6" coveredmethods="6"/>
      <line num="1" count="1" type="stmt"/>
      <line num="8" count="5" type="stmt"/>
      <line num="9" count="5" type="stmt"/>
      <line num="10" count="5" type="stmt"/>
      <line num="11" count="5" type="stmt"/>
      <line num="15" count="2" type="stmt"/>
      <line num="16" count="2" type="stmt"/>
      <line num="20" count="2" type="stmt"/>
      <line num="24" count="2" type="stmt"/>
      <line num="28" count="2" type="stmt"/>
      <line num="32" count="6" type="stmt"/>
    </file>
  </project>
</coverage>
